<?xml version="1.0" encoding="UTF-8"?>
<!-- Generated by org.testng.reporters.JUnitXMLReporter -->
<testsuite hostname="DESKTOP-C6SMDGT" ignored="0" name="Module 1" tests="5" failures="0" timestamp="2020-08-10T12:29:18 IST" time="0.089" errors="0">
  <testcase name="test1" time="0.009" classname="basicAnnotations.TestNGClass2"/>
  <testcase name="test2" time="0.002" classname="basicAnnotations.TestNGClass2"/>
  <testcase name="test1" time="0.002" classname="basicAnnotations.TestNGFirstClass"/>
  <testcase name="test2" time="0.002" classname="basicAnnotations.TestNGFirstClass"/>
  <testcase name="test3" time="0.004" classname="basicAnnotations.TestNGFirstClass"/>
</testsuite> <!-- Module 1 -->
