<?xml version="1.0" encoding="UTF-8"?>
<testng-results skipped="0" failed="0" ignored="0" total="9" passed="9">
  <reporter-output>
  </reporter-output>
  <suite name="Suite" duration-ms="165" started-at="2020-08-10T12:29:18 IST" finished-at="2020-08-10T12:29:18 IST">
    <groups>
    </groups>
    <test name="Module 1" duration-ms="89" started-at="2020-08-10T12:29:18 IST" finished-at="2020-08-10T12:29:18 IST">
      <class name="basicAnnotations.TestNGFirstClass">
        <test-method status="PASS" signature="beforeClass()[pri:0, instance:basicAnnotations.TestNGFirstClass@4b4523f8]" name="beforeClass" is-config="true" duration-ms="1" started-at="2020-08-10T12:29:18 IST" finished-at="2020-08-10T12:29:18 IST">
          <reporter-output>
          </reporter-output>
        </test-method> <!-- beforeClass -->
        <test-method status="PASS" signature="beforeMethod()[pri:0, instance:basicAnnotations.TestNGFirstClass@4b4523f8]" name="beforeMethod" is-config="true" duration-ms="1" started-at="2020-08-10T12:29:18 IST" finished-at="2020-08-10T12:29:18 IST">
          <reporter-output>
          </reporter-output>
        </test-method> <!-- beforeMethod -->
        <test-method status="PASS" signature="test1()[pri:0, instance:basicAnnotations.TestNGFirstClass@4b4523f8]" name="test1" duration-ms="2" started-at="2020-08-10T12:29:18 IST" finished-at="2020-08-10T12:29:18 IST">
          <reporter-output>
          </reporter-output>
        </test-method> <!-- test1 -->
        <test-method status="PASS" signature="afterMethod()[pri:0, instance:basicAnnotations.TestNGFirstClass@4b4523f8]" name="afterMethod" is-config="true" duration-ms="1" started-at="2020-08-10T12:29:18 IST" finished-at="2020-08-10T12:29:18 IST">
          <reporter-output>
          </reporter-output>
        </test-method> <!-- afterMethod -->
        <test-method status="PASS" signature="beforeMethod()[pri:0, instance:basicAnnotations.TestNGFirstClass@4b4523f8]" name="beforeMethod" is-config="true" duration-ms="1" started-at="2020-08-10T12:29:18 IST" finished-at="2020-08-10T12:29:18 IST">
          <reporter-output>
          </reporter-output>
        </test-method> <!-- beforeMethod -->
        <test-method status="PASS" signature="test2()[pri:0, instance:basicAnnotations.TestNGFirstClass@4b4523f8]" name="test2" duration-ms="2" started-at="2020-08-10T12:29:18 IST" finished-at="2020-08-10T12:29:18 IST">
          <reporter-output>
          </reporter-output>
        </test-method> <!-- test2 -->
        <test-method status="PASS" signature="afterMethod()[pri:0, instance:basicAnnotations.TestNGFirstClass@4b4523f8]" name="afterMethod" is-config="true" duration-ms="1" started-at="2020-08-10T12:29:18 IST" finished-at="2020-08-10T12:29:18 IST">
          <reporter-output>
          </reporter-output>
        </test-method> <!-- afterMethod -->
        <test-method status="PASS" signature="beforeMethod()[pri:0, instance:basicAnnotations.TestNGFirstClass@4b4523f8]" name="beforeMethod" is-config="true" duration-ms="2" started-at="2020-08-10T12:29:18 IST" finished-at="2020-08-10T12:29:18 IST">
          <reporter-output>
          </reporter-output>
        </test-method> <!-- beforeMethod -->
        <test-method status="PASS" signature="test3()[pri:0, instance:basicAnnotations.TestNGFirstClass@4b4523f8]" name="test3" duration-ms="4" started-at="2020-08-10T12:29:18 IST" finished-at="2020-08-10T12:29:18 IST">
          <reporter-output>
          </reporter-output>
        </test-method> <!-- test3 -->
        <test-method status="PASS" signature="afterMethod()[pri:0, instance:basicAnnotations.TestNGFirstClass@4b4523f8]" name="afterMethod" is-config="true" duration-ms="1" started-at="2020-08-10T12:29:18 IST" finished-at="2020-08-10T12:29:18 IST">
          <reporter-output>
          </reporter-output>
        </test-method> <!-- afterMethod -->
        <test-method status="PASS" signature="afterClass()[pri:0, instance:basicAnnotations.TestNGFirstClass@4b4523f8]" name="afterClass" is-config="true" duration-ms="1" started-at="2020-08-10T12:29:18 IST" finished-at="2020-08-10T12:29:18 IST">
          <reporter-output>
          </reporter-output>
        </test-method> <!-- afterClass -->
      </class> <!-- basicAnnotations.TestNGFirstClass -->
      <class name="basicAnnotations.TestNGClass2">
        <test-method status="PASS" signature="beforeModule1()[pri:0, instance:basicAnnotations.TestNGClass2@731a74c]" name="beforeModule1" is-config="true" duration-ms="1" started-at="2020-08-10T12:29:18 IST" finished-at="2020-08-10T12:29:18 IST">
          <reporter-output>
          </reporter-output>
        </test-method> <!-- beforeModule1 -->
        <test-method status="PASS" signature="test1()[pri:0, instance:basicAnnotations.TestNGClass2@731a74c]" name="test1" duration-ms="9" started-at="2020-08-10T12:29:18 IST" finished-at="2020-08-10T12:29:18 IST">
          <reporter-output>
          </reporter-output>
        </test-method> <!-- test1 -->
        <test-method status="PASS" signature="test2()[pri:0, instance:basicAnnotations.TestNGClass2@731a74c]" name="test2" duration-ms="2" started-at="2020-08-10T12:29:18 IST" finished-at="2020-08-10T12:29:18 IST">
          <reporter-output>
          </reporter-output>
        </test-method> <!-- test2 -->
        <test-method status="PASS" signature="afterModule1()[pri:0, instance:basicAnnotations.TestNGClass2@731a74c]" name="afterModule1" is-config="true" duration-ms="1" started-at="2020-08-10T12:29:18 IST" finished-at="2020-08-10T12:29:18 IST">
          <reporter-output>
          </reporter-output>
        </test-method> <!-- afterModule1 -->
      </class> <!-- basicAnnotations.TestNGClass2 -->
    </test> <!-- Module 1 -->
    <test name="Module 2" duration-ms="24" started-at="2020-08-10T12:29:18 IST" finished-at="2020-08-10T12:29:18 IST">
      <class name="basicAnnotations.TestNGFirstClass">
        <test-method status="PASS" signature="beforeSuite()[pri:0, instance:basicAnnotations.TestNGFirstClass@4b4523f8]" name="beforeSuite" is-config="true" duration-ms="20" started-at="2020-08-10T12:29:18 IST" finished-at="2020-08-10T12:29:18 IST">
          <reporter-output>
          </reporter-output>
        </test-method> <!-- beforeSuite -->
        <test-method status="PASS" signature="afterSuite()[pri:0, instance:basicAnnotations.TestNGFirstClass@4b4523f8]" name="afterSuite" is-config="true" duration-ms="1" started-at="2020-08-10T12:29:18 IST" finished-at="2020-08-10T12:29:18 IST">
          <reporter-output>
          </reporter-output>
        </test-method> <!-- afterSuite -->
      </class> <!-- basicAnnotations.TestNGFirstClass -->
      <class name="basicAnnotations.TestNGClass3">
        <test-method status="PASS" signature="beforeModule2()[pri:0, instance:basicAnnotations.TestNGClass3@57855c9a]" name="beforeModule2" is-config="true" duration-ms="1" started-at="2020-08-10T12:29:18 IST" finished-at="2020-08-10T12:29:18 IST">
          <reporter-output>
          </reporter-output>
        </test-method> <!-- beforeModule2 -->
        <test-method status="PASS" signature="test1()[pri:0, instance:basicAnnotations.TestNGClass3@57855c9a]" name="test1" duration-ms="3" started-at="2020-08-10T12:29:18 IST" finished-at="2020-08-10T12:29:18 IST">
          <reporter-output>
          </reporter-output>
        </test-method> <!-- test1 -->
        <test-method status="PASS" signature="test2()[pri:0, instance:basicAnnotations.TestNGClass3@57855c9a]" name="test2" duration-ms="2" started-at="2020-08-10T12:29:18 IST" finished-at="2020-08-10T12:29:18 IST">
          <reporter-output>
          </reporter-output>
        </test-method> <!-- test2 -->
        <test-method status="PASS" signature="afterModule2()[pri:0, instance:basicAnnotations.TestNGClass3@57855c9a]" name="afterModule2" is-config="true" duration-ms="0" started-at="2020-08-10T12:29:18 IST" finished-at="2020-08-10T12:29:18 IST">
          <reporter-output>
          </reporter-output>
        </test-method> <!-- afterModule2 -->
      </class> <!-- basicAnnotations.TestNGClass3 -->
      <class name="basicAnnotations.TestNGClass4">
        <test-method status="PASS" signature="test1()[pri:0, instance:basicAnnotations.TestNGClass4@3b084709]" name="test1" duration-ms="3" started-at="2020-08-10T12:29:18 IST" finished-at="2020-08-10T12:29:18 IST">
          <reporter-output>
          </reporter-output>
        </test-method> <!-- test1 -->
        <test-method status="PASS" signature="test2()[pri:0, instance:basicAnnotations.TestNGClass4@3b084709]" name="test2" duration-ms="2" started-at="2020-08-10T12:29:18 IST" finished-at="2020-08-10T12:29:18 IST">
          <reporter-output>
          </reporter-output>
        </test-method> <!-- test2 -->
      </class> <!-- basicAnnotations.TestNGClass4 -->
    </test> <!-- Module 2 -->
  </suite> <!-- Suite -->
</testng-results>
