<?xml version="1.0" encoding="UTF-8"?>
<testng-results skipped="0" failed="0" ignored="0" total="0" passed="0">
  <reporter-output>
  </reporter-output>
  <suite name="Suite" duration-ms="12" started-at="2020-08-14T21:04:12 IST" finished-at="2020-08-14T21:04:12 IST">
    <groups>
    </groups>
    <test name="Test" duration-ms="12" started-at="2020-08-14T21:04:12 IST" finished-at="2020-08-14T21:04:12 IST">
      <class name="testScript.HomePage.HomePage">
        <test-method status="PASS" signature="initialize()[pri:0, instance:testScript.HomePage.HomePage@6325a3ee]" name="initialize" is-config="true" duration-ms="23" started-at="2020-08-14T21:04:12 IST" finished-at="2020-08-14T21:04:12 IST">
          <reporter-output>
          </reporter-output>
        </test-method> <!-- initialize -->
        <test-method status="PASS" signature="tearDown()[pri:0, instance:testScript.HomePage.HomePage@6325a3ee]" name="tearDown" is-config="true" duration-ms="0" started-at="2020-08-14T21:04:12 IST" finished-at="2020-08-14T21:04:12 IST">
          <reporter-output>
          </reporter-output>
        </test-method> <!-- tearDown -->
      </class> <!-- testScript.HomePage.HomePage -->
    </test> <!-- Test -->
  </suite> <!-- Suite -->
</testng-results>
