<?xml version="1.0" encoding="UTF-8"?>
<testng-results skipped="0" failed="0" ignored="0" total="6" passed="6">
  <reporter-output>
  </reporter-output>
  <suite name="Suite" duration-ms="27795" started-at="2020-08-15T08:58:17 IST" finished-at="2020-08-15T08:58:45 IST">
    <groups>
    </groups>
    <test name="Test" duration-ms="27795" started-at="2020-08-15T08:58:17 IST" finished-at="2020-08-15T08:58:45 IST">
      <class name="testScripts.HomePage.HomePage">
        <test-method status="PASS" signature="initialize()[pri:0, instance:testScripts.HomePage.HomePage@9660f4e]" name="initialize" is-config="true" duration-ms="35" started-at="2020-08-15T08:58:17 IST" finished-at="2020-08-15T08:58:17 IST">
          <reporter-output>
          </reporter-output>
        </test-method> <!-- initialize -->
        <test-method status="PASS" signature="launchBrowser(java.lang.String)[pri:0, instance:testScripts.HomePage.HomePage@9660f4e]" name="launchBrowser" is-config="true" duration-ms="21348" started-at="2020-08-15T08:58:17 IST" finished-at="2020-08-15T08:58:39 IST">
          <params>
            <param index="0">
              <value>
                <![CDATA[Chrome]]>
              </value>
            </param>
          </params>
          <reporter-output>
          </reporter-output>
        </test-method> <!-- launchBrowser -->
        <test-method status="PASS" signature="verifyIsAutomobileVisible()[pri:0, instance:testScripts.HomePage.HomePage@9660f4e]" name="verifyIsAutomobileVisible" duration-ms="73" started-at="2020-08-15T08:58:39 IST" finished-at="2020-08-15T08:58:39 IST">
          <reporter-output>
          </reporter-output>
        </test-method> <!-- verifyIsAutomobileVisible -->
        <test-method status="PASS" signature="verifyIsCamperVisible()[pri:0, instance:testScripts.HomePage.HomePage@9660f4e]" name="verifyIsCamperVisible" duration-ms="31" started-at="2020-08-15T08:58:39 IST" finished-at="2020-08-15T08:58:39 IST">
          <reporter-output>
          </reporter-output>
        </test-method> <!-- verifyIsCamperVisible -->
        <test-method status="PASS" signature="verifyIsMotorCycleVisible()[pri:0, instance:testScripts.HomePage.HomePage@9660f4e]" name="verifyIsMotorCycleVisible" duration-ms="28" started-at="2020-08-15T08:58:39 IST" finished-at="2020-08-15T08:58:39 IST">
          <reporter-output>
          </reporter-output>
        </test-method> <!-- verifyIsMotorCycleVisible -->
        <test-method status="PASS" signature="verifyIsTruckVisible()[pri:0, instance:testScripts.HomePage.HomePage@9660f4e]" name="verifyIsTruckVisible" duration-ms="20" started-at="2020-08-15T08:58:39 IST" finished-at="2020-08-15T08:58:39 IST">
          <reporter-output>
          </reporter-output>
        </test-method> <!-- verifyIsTruckVisible -->
        <test-method status="PASS" signature="verifyIsAutobileClickable()[pri:1, instance:testScripts.HomePage.HomePage@9660f4e]" name="verifyIsAutobileClickable" duration-ms="4125" started-at="2020-08-15T08:58:39 IST" finished-at="2020-08-15T08:58:43 IST">
          <reporter-output>
          </reporter-output>
        </test-method> <!-- verifyIsAutobileClickable -->
        <test-method status="PASS" signature="verifyIsTruckClickable()[pri:2, instance:testScripts.HomePage.HomePage@9660f4e]" name="verifyIsTruckClickable" duration-ms="1426" started-at="2020-08-15T08:58:43 IST" finished-at="2020-08-15T08:58:44 IST">
          <reporter-output>
          </reporter-output>
        </test-method> <!-- verifyIsTruckClickable -->
        <test-method status="PASS" signature="quitBrower()[pri:0, instance:testScripts.HomePage.HomePage@9660f4e]" name="quitBrower" is-config="true" duration-ms="684" started-at="2020-08-15T08:58:44 IST" finished-at="2020-08-15T08:58:45 IST">
          <reporter-output>
          </reporter-output>
        </test-method> <!-- quitBrower -->
        <test-method status="PASS" signature="tearDown()[pri:0, instance:testScripts.HomePage.HomePage@9660f4e]" name="tearDown" is-config="true" duration-ms="0" started-at="2020-08-15T08:58:45 IST" finished-at="2020-08-15T08:58:45 IST">
          <reporter-output>
          </reporter-output>
        </test-method> <!-- tearDown -->
      </class> <!-- testScripts.HomePage.HomePage -->
    </test> <!-- Test -->
  </suite> <!-- Suite -->
</testng-results>
