<?xml version="1.0" encoding="UTF-8"?>
<testng-results skipped="0" failed="0" ignored="0" total="2" passed="2">
  <reporter-output>
  </reporter-output>
  <suite name="Default suite" duration-ms="12499" started-at="2020-08-15T05:44:08Z" finished-at="2020-08-15T05:44:20Z">
    <groups>
    </groups>
    <test name="Default test" duration-ms="12499" started-at="2020-08-15T05:44:08Z" finished-at="2020-08-15T05:44:20Z">
      <class name="sampleId.Testing">
        <test-method status="PASS" signature="test1()[pri:0, instance:sampleId.Testing@2b546384]" name="test1" duration-ms="29" started-at="2020-08-15T11:14:08Z" finished-at="2020-08-15T11:14:08Z">
          <reporter-output>
          </reporter-output>
        </test-method> <!-- test1 -->
        <test-method status="PASS" signature="test2()[pri:0, instance:sampleId.Testing@2b546384]" name="test2" duration-ms="12402" started-at="2020-08-15T11:14:08Z" finished-at="2020-08-15T11:14:20Z">
          <reporter-output>
          </reporter-output>
        </test-method> <!-- test2 -->
      </class> <!-- sampleId.Testing -->
    </test> <!-- Default test -->
  </suite> <!-- Default suite -->
</testng-results>
