<?xml version="1.0" encoding="UTF-8"?>
<!-- Generated by org.testng.reporters.JUnitXMLReporter -->
<testsuite hostname="DESKTOP-C6SMDGT" ignored="0" name="Test" tests="6" failures="0" timestamp="2020-08-15T08:58:45 IST" time="27.795" errors="0">
  <testcase name="verifyIsAutomobileVisible" time="0.073" classname="testScripts.HomePage.HomePage"/>
  <testcase name="verifyIsCamperVisible" time="0.031" classname="testScripts.HomePage.HomePage"/>
  <testcase name="verifyIsMotorCycleVisible" time="0.028" classname="testScripts.HomePage.HomePage"/>
  <testcase name="verifyIsTruckVisible" time="0.02" classname="testScripts.HomePage.HomePage"/>
  <testcase name="verifyIsAutobileClickable" time="4.125" classname="testScripts.HomePage.HomePage"/>
  <testcase name="verifyIsTruckClickable" time="1.426" classname="testScripts.HomePage.HomePage"/>
</testsuite> <!-- Test -->
